app/build/outputs/logs/manifest-merger-debug-report.txt
-- Merging decision tree log ---
manifest
ADDED from src/main/AndroidManifest.xml:2:1-56:12
	package
		ADDED from src/main/AndroidManifest.xml:3:5-29
		INJECTED from src/main/AndroidManifest.xml
		INJECTED from src/main/AndroidManifest.xml
	android:versionName
		ADDED from src/main/AndroidManifest.xml:5:5-30
	android:versionCode
		ADDED from src/main/AndroidManifest.xml:4:5-29
		INJECTED from src/main/AndroidManifest.xml
		INJECTED from src/main/AndroidManifest.xml
	xmlns:android
		ADDED from src/main/AndroidManifest.xml:2:11-69
uses-sdk
ADDED from src/main/AndroidManifest.xml:8:5-10:40
MERGED from [com.android.support:support-v4:21.0.0] AndroidManifest.xml:15:5-42
MERGED from [com.android.support:appcompat-v7:18.0.0] AndroidManifest.xml:18:5-42
MERGED from [com.android.support:support-v4:21.0.0] AndroidManifest.xml:15:5-42
MERGED from [com.google.android.gms:play-services:6.5.87] AndroidManifest.xml:18:5-42
MERGED from [com.android.support:support-v4:21.0.0] AndroidManifest.xml:15:5-42
	android:targetSdkVersion
		ADDED from src/main/AndroidManifest.xml:10:9-38
		INJECTED from src/main/AndroidManifest.xml
		INJECTED from src/main/AndroidManifest.xml
	android:minSdkVersion
		ADDED from src/main/AndroidManifest.xml:9:9-35
		INJECTED from src/main/AndroidManifest.xml
		INJECTED from src/main/AndroidManifest.xml
uses-permission#android.permission.VIBRATE
ADDED from src/main/AndroidManifest.xml:13:5-65
	android:name
		ADDED from src/main/AndroidManifest.xml:13:22-63
uses-permission#android.permission.INTERNET
ADDED from src/main/AndroidManifest.xml:14:5-66
	android:name
		ADDED from src/main/AndroidManifest.xml:14:22-64
uses-permission#android.permission.ACCESS_NETWORK_STATE
ADDED from src/main/AndroidManifest.xml:15:4-77
	android:name
		ADDED from src/main/AndroidManifest.xml:15:21-75
application
ADDED from src/main/AndroidManifest.xml:17:5-54:19
MERGED from [com.android.support:support-v4:21.0.0] AndroidManifest.xml:16:5-19
MERGED from [com.android.support:appcompat-v7:18.0.0] AndroidManifest.xml:19:5-20
MERGED from [com.android.support:support-v4:21.0.0] AndroidManifest.xml:16:5-19
MERGED from [com.google.android.gms:play-services:6.5.87] AndroidManifest.xml:20:5-24:19
MERGED from [com.android.support:support-v4:21.0.0] AndroidManifest.xml:16:5-19
	android:label
		ADDED from src/main/AndroidManifest.xml:20:9-41
	android:allowBackup
		ADDED from src/main/AndroidManifest.xml:18:9-35
	android:icon
		ADDED from src/main/AndroidManifest.xml:19:9-42
	android:theme
		ADDED from src/main/AndroidManifest.xml:21:9-40
meta-data#com.google.android.gms.version
ADDED from src/main/AndroidManifest.xml:23:9-121
MERGED from [com.google.android.gms:play-services:6.5.87] AndroidManifest.xml:21:9-23:69
	android:value
		ADDED from src/main/AndroidManifest.xml:23:66-119
	android:name
		ADDED from src/main/AndroidManifest.xml:23:20-65
activity#miguel.comidas.Comidas
ADDED from src/main/AndroidManifest.xml:25:9-37:20
	android:screenOrientation
		ADDED from src/main/AndroidManifest.xml:28:13-49
	android:label
		ADDED from src/main/AndroidManifest.xml:27:13-45
	android:name
		ADDED from src/main/AndroidManifest.xml:26:13-50
intent-filter#android.intent.action.MAIN+android.intent.category.LAUNCHER
ADDED from src/main/AndroidManifest.xml:29:13-32:29
action#android.intent.action.MAIN
ADDED from src/main/AndroidManifest.xml:30:17-69
	android:name
		ADDED from src/main/AndroidManifest.xml:30:25-66
category#android.intent.category.LAUNCHER
ADDED from src/main/AndroidManifest.xml:31:17-77
	android:name
		ADDED from src/main/AndroidManifest.xml:31:27-74
intent-filter#miguel.comidas.Comidas.StartCena+miguel.comidas.Comidas.StartComida
ADDED from src/main/AndroidManifest.xml:33:4-36:29
action#miguel.comidas.Comidas.StartComida
ADDED from src/main/AndroidManifest.xml:34:17-77
	android:name
		ADDED from src/main/AndroidManifest.xml:34:25-74
action#miguel.comidas.Comidas.StartCena
ADDED from src/main/AndroidManifest.xml:35:17-75
	android:name
		ADDED from src/main/AndroidManifest.xml:35:25-72
activity#miguel.comidas.Ajustes
ADDED from src/main/AndroidManifest.xml:38:9-41:20
	android:screenOrientation
		ADDED from src/main/AndroidManifest.xml:40:13-49
	android:name
		ADDED from src/main/AndroidManifest.xml:39:13-50
activity#miguel.comidas.Acerca
ADDED from src/main/AndroidManifest.xml:42:9-45:20
	android:screenOrientation
		ADDED from src/main/AndroidManifest.xml:44:13-49
	android:name
		ADDED from src/main/AndroidManifest.xml:43:13-49
service#miguel.comidas.DBAdapter
ADDED from src/main/AndroidManifest.xml:46:9-68
	android:name
		ADDED from src/main/AndroidManifest.xml:46:18-57
receiver#miguel.comidas.Notificador
ADDED from src/main/AndroidManifest.xml:47:9-72
	android:name
		ADDED from src/main/AndroidManifest.xml:47:19-60
service#miguel.comidas.ServicioNotificador
ADDED from src/main/AndroidManifest.xml:48:9-78
	android:name
		ADDED from src/main/AndroidManifest.xml:48:18-67
activity#com.google.android.gms.ads.AdActivity
ADDED from src/main/AndroidManifest.xml:50:10-51:125
	android:configChanges
		ADDED from src/main/AndroidManifest.xml:51:14-123
	android:name
		ADDED from src/main/AndroidManifest.xml:50:20-72